16:17:21.985 [main] INFO  c.crawljax.plugins.crawloverview.CrawlOverview (61) - Initialized the Crawl overview plugin
16:17:22.247 [main] INFO  com.crawljax.core.plugin.Plugins (84) - Loaded com.crawljax.plugins.proxy.WebScarabWrapper@40538989 as a ProxyServerPlugin
16:17:22.248 [main] INFO  com.crawljax.core.plugin.Plugins (84) - Loaded Crawl overview plugin as a OnNewStatePlugin
16:17:22.249 [main] INFO  com.crawljax.core.plugin.Plugins (84) - Loaded Crawl overview plugin as a PreStateCrawlingPlugin
16:17:22.250 [main] INFO  com.crawljax.core.plugin.Plugins (84) - Loaded Crawl overview plugin as a PostCrawlingPlugin
16:17:22.250 [main] INFO  com.crawljax.core.plugin.Plugins (84) - Loaded Crawl overview plugin as a OnFireEventFailedPlugin
16:17:39.782 [main] INFO  c.crawljax.plugins.crawloverview.CrawlOverview (102) - Prestate found new state index with 2 candidates
16:17:39.962 [main] INFO  com.crawljax.core.UnfiredCandidateActions (122) - There are 1 states with unfired actions
16:17:40.553 [pool-2-thread-2] INFO  com.crawljax.core.UnfiredCandidateActions (147) - There are 1 states with unfired actions
16:17:56.329 [pool-2-thread-2] INFO  com.crawljax.core.Crawler (128) - The crawler left the domain. No biggy, whe'll just go somewhere else.
16:17:56.331 [pool-2-thread-2] INFO  c.c.browser.WebDriverBackedEmbeddedBrowser (324) - Closing the browser...
16:17:56.331 [main] INFO  com.crawljax.core.CrawlController (122) - Received shutdown notice. Reason is Exausted
16:17:56.620 [pool-2-thread-2] ERROR com.crawljax.core.CrawlTaskConsumer (55) - Unexpected error Error communicating with the remote browser. It may have died.
Build info: version: '2.33.0', revision: '4ecaf82108b2a6cc6f006aae81961236eba93358', time: '2013-05-22 12:00:17'
System info: os.name: 'Windows 7', os.arch: 'amd64', os.version: '6.1', java.version: '1.7.0_21'
Driver info: driver.version: RemoteWebDriver
org.openqa.selenium.remote.UnreachableBrowserException: Error communicating with the remote browser. It may have died.
Build info: version: '2.33.0', revision: '4ecaf82108b2a6cc6f006aae81961236eba93358', time: '2013-05-22 12:00:17'
System info: os.name: 'Windows 7', os.arch: 'amd64', os.version: '6.1', java.version: '1.7.0_21'
Driver info: driver.version: RemoteWebDriver
	at org.openqa.selenium.remote.RemoteWebDriver.execute(RemoteWebDriver.java:548) ~[selenium-remote-driver-2.33.0.jar:na]
	at org.openqa.selenium.remote.RemoteWebDriver.execute(RemoteWebDriver.java:569) ~[selenium-remote-driver-2.33.0.jar:na]
	at org.openqa.selenium.remote.RemoteWebDriver.quit(RemoteWebDriver.java:423) ~[selenium-remote-driver-2.33.0.jar:na]
	at com.crawljax.browser.WebDriverBackedEmbeddedBrowser.close(WebDriverBackedEmbeddedBrowser.java:327) ~[crawljax-core-3.1.jar:na]
	at com.crawljax.core.Crawler.close(Crawler.java:91) ~[crawljax-core-3.1.jar:na]
	at com.crawljax.core.CrawlTaskConsumer.call(CrawlTaskConsumer.java:50) [crawljax-core-3.1.jar:na]
	at com.crawljax.core.CrawlTaskConsumer.call(CrawlTaskConsumer.java:16) [crawljax-core-3.1.jar:na]
	at java.util.concurrent.FutureTask$Sync.innerRun(Unknown Source) [na:1.7.0_21]
	at java.util.concurrent.FutureTask.run(Unknown Source) [na:1.7.0_21]
	at java.util.concurrent.ThreadPoolExecutor.runWorker(Unknown Source) [na:1.7.0_21]
	at java.util.concurrent.ThreadPoolExecutor$Worker.run(Unknown Source) [na:1.7.0_21]
	at java.lang.Thread.run(Unknown Source) [na:1.7.0_21]
Caused by: java.lang.RuntimeException: java.lang.InterruptedException
	at com.google.common.base.Throwables.propagate(Throwables.java:160) ~[guava-14.0.1.jar:na]
	at org.openqa.selenium.net.UrlChecker.waitUntilUnavailable(UrlChecker.java:145) ~[selenium-remote-driver-2.33.0.jar:na]
	at org.openqa.selenium.remote.service.DriverService.stop(DriverService.java:184) ~[selenium-remote-driver-2.33.0.jar:na]
	at org.openqa.selenium.remote.service.DriverCommandExecutor.execute(DriverCommandExecutor.java:78) ~[selenium-remote-driver-2.33.0.jar:na]
	at org.openqa.selenium.remote.RemoteWebDriver.execute(RemoteWebDriver.java:527) ~[selenium-remote-driver-2.33.0.jar:na]
	... 11 common frames omitted
Caused by: java.lang.InterruptedException: null
	at java.util.concurrent.locks.AbstractQueuedSynchronizer.tryAcquireSharedNanos(Unknown Source) ~[na:1.7.0_21]
	at java.util.concurrent.FutureTask$Sync.innerGet(Unknown Source) [na:1.7.0_21]
	at java.util.concurrent.FutureTask.get(Unknown Source) [na:1.7.0_21]
	at com.google.common.util.concurrent.SimpleTimeLimiter.callWithTimeout(SimpleTimeLimiter.java:130) ~[guava-14.0.1.jar:na]
	at org.openqa.selenium.net.UrlChecker.waitUntilUnavailable(UrlChecker.java:117) ~[selenium-remote-driver-2.33.0.jar:na]
	... 14 common frames omitted
16:17:59.410 [main] INFO  c.crawljax.plugins.crawloverview.OutputBuilder (179) - Overview report generated
16:17:59.664 [main] INFO  c.crawljax.plugins.crawloverview.CrawlOverview (163) - Crawl overview plugin has finished
16:17:59.665 [main] INFO  com.crawljax.core.CrawlController (117) - Shutdown process complete
